#
# There is insufficient memory for the Java Runtime Environment to continue.
# Native memory allocation (mmap) failed to map 132120576 bytes for G1 virtual space
# Possible reasons:
#   The system is out of physical RAM or swap space
#   The process is running with CompressedOops enabled, and the Java Heap may be blocking the growth of the native heap
# Possible solutions:
#   Reduce memory load on the system
#   Increase physical memory or swap space
#   Check if swap backing store is full
#   Decrease Java heap size (-Xmx/-Xms)
#   Decrease number of Java threads
#   Decrease Java thread stack sizes (-Xss)
#   Set larger code cache with -XX:ReservedCodeCacheSize=
#   JVM is running with Unscaled Compressed Oops mode in which the Java heap is
#     placed in the first 4GB address space. The Java Heap base address is the
#     maximum limit for the native heap growth. Please use -XX:HeapBaseMinAddress
#     to set the Java Heap base and to place the Java Heap above 4GB virtual address.
# This output file may be truncated or incomplete.
#
#  Out of Memory Error (os_windows.cpp:3548), pid=22724, tid=24608
#
# JRE version:  (17.0.12+8) (build )
# Java VM: Java HotSpot(TM) 64-Bit Server VM (17.0.12+8-LTS-286, mixed mode, sharing, tiered, compressed oops, compressed class ptrs, g1 gc, windows-amd64)
# No core dump will be written. Minidumps are not enabled by default on client versions of Windows
#

---------------  S U M M A R Y ------------

Command Line: -Dnet.bytebuddy.agent.attacher.dump= net.bytebuddy.agent.Attacher com.sun.tools.attach.VirtualMachine 2860 C:\Users\rayne\.m2\repository\net\bytebuddy\byte-buddy-agent\1.14.19\byte-buddy-agent-1.14.19.jar false 

Host: 11th Gen Intel(R) Core(TM) i3-1115G4 @ 3.00GHz, 4 cores, 7G,  Windows 11 , 64 bit Build 26100 (10.0.26100.7920)
Time: Wed Apr  1 16:26:43 2026 Hora de verano de Cuba elapsed time: 2.141651 seconds (0d 0h 0m 2s)

---------------  T H R E A D  ---------------

Current thread (0x00000135327e7760):  JavaThread "Unknown thread" [_thread_in_vm, id=24608, stack(0x0000000568000000,0x0000000568100000)]

Stack: [0x0000000568000000,0x0000000568100000]
Native frames: (J=compiled Java code, j=interpreted, Vv=VM code, C=native code)
V  [jvm.dll+0x67a04a]
V  [jvm.dll+0x7da4ed]
V  [jvm.dll+0x7dbe33]
V  [jvm.dll+0x7dc4a3]
V  [jvm.dll+0x24508f]
V  [jvm.dll+0x677089]
V  [jvm.dll+0x66bd32]
V  [jvm.dll+0x301fa6]
V  [jvm.dll+0x309546]
V  [jvm.dll+0x359d2e]
V  [jvm.dll+0x359f5f]
V  [jvm.dll+0x2d9078]
V  [jvm.dll+0x2d9fe4]
V  [jvm.dll+0x7aca21]
V  [jvm.dll+0x367591]
V  [jvm.dll+0x78b999]
V  [jvm.dll+0x3ec83f]
V  [jvm.dll+0x3ee471]
C  [jli.dll+0x5297]
C  [ucrtbase.dll+0x37b0]
C  [KERNEL32.DLL+0x2e8d7]
C  [ntdll.dll+0x8c48c]


---------------  P R O C E S S  ---------------

Threads class SMR info:
_java_thread_list=0x00007ffb70427a18, length=0, elements={
}

Java Threads: ( => current thread )

Other Threads:
  0x000001353283f450 GCTaskThread "GC Thread#0" [stack: 0x0000000568100000,0x0000000568200000] [id=1704]
  0x000001353284fce0 ConcurrentGCThread "G1 Main Marker" [stack: 0x0000000568200000,0x0000000568300000] [id=23088]
  0x0000013532851860 ConcurrentGCThread "G1 Conc#0" [stack: 0x0000000568300000,0x0000000568400000] [id=27152]

[error occurred during error reporting (printing all threads), id 0xc0000005, EXCEPTION_ACCESS_VIOLATION (0xc0000005) at pc=0x00007ffb6fc59b67]

VM state: not at safepoint (not fully initialized)

VM Mutex/Monitor currently owned by a thread:  ([mutex/lock_event])
[0x00000135327e31a0] Heap_lock - owner thread: 0x00000135327e7760

Heap address: 0x0000000083600000, size: 1994 MB, Compressed Oops mode: 32-bit

CDS archive(s) mapped at: [0x0000000000000000-0x0000000000000000-0x0000000000000000), size 0, SharedBaseAddress: 0x0000000800000000, ArchiveRelocationMode: 1.
Narrow klass base: 0x0000000000000000, Narrow klass shift: 0, Narrow klass range: 0x0

GC Precious Log:
<Empty>

Heap:
 garbage-first heap   total 0K, used 0K [0x0000000083600000, 0x0000000100000000)
  region size 1024K, 0 young (0K), 0 survivors (0K)

[error occurred during error reporting (printing heap information), id 0xc0000005, EXCEPTION_ACCESS_VIOLATION (0xc0000005) at pc=0x00007ffb70043859]

GC Heap History (0 events):
No events

Deoptimization events (0 events):
No events

Classes unloaded (0 events):
No events

Classes redefined (0 events):
No events

Internal exceptions (0 events):
No events

VM Operations (0 events):
No events

Events (1 events):
Event: 0.010 Loaded shared library C:\Program Files\Java\jdk-17\bin\java.dll


Dynamic libraries:
0x00007ff61a130000 - 0x00007ff61a140000 	C:\Program Files\Java\jdk-17\bin\java.exe
0x00007ffc4e340000 - 0x00007ffc4e5a7000 	C:\WINDOWS\SYSTEM32\ntdll.dll
0x00007ffc2c4a0000 - 0x00007ffc2c4c0000 	C:\Program Files\Avast Software\Avast\aswhook.dll
0x00007ffc4cd20000 - 0x00007ffc4cde9000 	C:\WINDOWS\System32\KERNEL32.DLL
0x00007ffc4b600000 - 0x00007ffc4b9f1000 	C:\WINDOWS\System32\KERNELBASE.dll
0x00007ffc4bb70000 - 0x00007ffc4bcbb000 	C:\WINDOWS\System32\ucrtbase.dll
0x00007ffc367d0000 - 0x00007ffc367e9000 	C:\Program Files\Java\jdk-17\bin\jli.dll
0x00007ffc4cfc0000 - 0x00007ffc4d07b000 	C:\WINDOWS\System32\ADVAPI32.dll
0x00007ffc4d880000 - 0x00007ffc4d929000 	C:\WINDOWS\System32\msvcrt.dll
0x00007ffc4dcd0000 - 0x00007ffc4dd77000 	C:\WINDOWS\System32\sechost.dll
0x00007ffc2bd70000 - 0x00007ffc2bd8b000 	C:\Program Files\Java\jdk-17\bin\VCRUNTIME140.dll
0x00007ffc4ce10000 - 0x00007ffc4cf28000 	C:\WINDOWS\System32\RPCRT4.dll
0x00007ffc4d930000 - 0x00007ffc4daf5000 	C:\WINDOWS\System32\USER32.dll
0x00007ffc4bdf0000 - 0x00007ffc4be17000 	C:\WINDOWS\System32\win32u.dll
0x00007ffc4c230000 - 0x00007ffc4c25b000 	C:\WINDOWS\System32\GDI32.dll
0x00007ffc36e30000 - 0x00007ffc370c3000 	C:\WINDOWS\WinSxS\amd64_microsoft.windows.common-controls_6595b64144ccf1df_6.0.26100.8037_none_3e092faae333b53b\COMCTL32.dll
0x00007ffc4bcc0000 - 0x00007ffc4bdeb000 	C:\WINDOWS\System32\gdi32full.dll
0x00007ffc4bfa0000 - 0x00007ffc4c043000 	C:\WINDOWS\System32\msvcp_win.dll
0x00007ffc48da0000 - 0x00007ffc48dab000 	C:\WINDOWS\SYSTEM32\VERSION.dll
0x00007ffc4c0e0000 - 0x00007ffc4c111000 	C:\WINDOWS\System32\IMM32.DLL
0x00007ffc3a3c0000 - 0x00007ffc3a3cc000 	C:\Program Files\Java\jdk-17\bin\vcruntime140_1.dll
0x00007ffb9f9e0000 - 0x00007ffb9fa6e000 	C:\Program Files\Java\jdk-17\bin\msvcp140.dll
0x00007ffb6f970000 - 0x00007ffb70550000 	C:\Program Files\Java\jdk-17\bin\server\jvm.dll
0x00007ffc4cfb0000 - 0x00007ffc4cfb8000 	C:\WINDOWS\System32\PSAPI.DLL
0x00007ffc32a10000 - 0x00007ffc32a1a000 	C:\WINDOWS\SYSTEM32\WSOCK32.dll
0x00007ffc4dd80000 - 0x00007ffc4ddf4000 	C:\WINDOWS\System32\WS2_32.dll
0x00007ffc433b0000 - 0x00007ffc433e5000 	C:\WINDOWS\SYSTEM32\WINMM.dll
0x00007ffc499b0000 - 0x00007ffc499cb000 	C:\WINDOWS\SYSTEM32\kernel.appcore.dll
0x00007ffc2bd60000 - 0x00007ffc2bd6a000 	C:\Program Files\Java\jdk-17\bin\jimage.dll
0x00007ffc44f60000 - 0x00007ffc451a2000 	C:\WINDOWS\SYSTEM32\DBGHELP.DLL
0x00007ffc4df10000 - 0x00007ffc4e292000 	C:\WINDOWS\System32\combase.dll
0x00007ffc4db80000 - 0x00007ffc4dc57000 	C:\WINDOWS\System32\OLEAUT32.dll
0x00007ffc3af90000 - 0x00007ffc3afcb000 	C:\WINDOWS\SYSTEM32\dbgcore.DLL
0x00007ffc4ba00000 - 0x00007ffc4baa5000 	C:\WINDOWS\System32\bcryptPrimitives.dll
0x00007ffc28900000 - 0x00007ffc28925000 	C:\Program Files\Java\jdk-17\bin\java.dll

dbghelp: loaded successfully - version: 4.0.5 - missing functions: none
symbol engine: initialized successfully - sym options: 0x614 - pdb path: .;C:\Program Files\Java\jdk-17\bin;C:\WINDOWS\SYSTEM32;C:\Program Files\Avast Software\Avast;C:\WINDOWS\WinSxS\amd64_microsoft.windows.common-controls_6595b64144ccf1df_6.0.26100.8037_none_3e092faae333b53b;C:\Program Files\Java\jdk-17\bin\server

VM Arguments:
jvm_args: -Dnet.bytebuddy.agent.attacher.dump= 
java_command: net.bytebuddy.agent.Attacher com.sun.tools.attach.VirtualMachine 2860 C:\Users\rayne\.m2\repository\net\bytebuddy\byte-buddy-agent\1.14.19\byte-buddy-agent-1.14.19.jar false 
java_class_path (initial): C:\Users\rayne\.m2\repository\net\bytebuddy\byte-buddy-agent\1.14.19\byte-buddy-agent-1.14.19.jar
Launcher Type: SUN_STANDARD

[Global flags]
     intx CICompilerCount                          = 3                                         {product} {ergonomic}
     uint ConcGCThreads                            = 1                                         {product} {ergonomic}
     uint G1ConcRefinementThreads                  = 4                                         {product} {ergonomic}
   size_t G1HeapRegionSize                         = 1048576                                   {product} {ergonomic}
    uintx GCDrainStackTargetSize                   = 64                                        {product} {ergonomic}
   size_t InitialHeapSize                          = 132120576                                 {product} {ergonomic}
   size_t MarkStackSize                            = 4194304                                   {product} {ergonomic}
   size_t MaxHeapSize                              = 2090860544                                {product} {ergonomic}
   size_t MinHeapDeltaBytes                        = 1048576                                   {product} {ergonomic}
   size_t MinHeapSize                              = 8388608                                   {product} {ergonomic}
    uintx NonNMethodCodeHeapSize                   = 5832780                                {pd product} {ergonomic}
    uintx NonProfiledCodeHeapSize                  = 122912730                              {pd product} {ergonomic}
    uintx ProfiledCodeHeapSize                     = 122912730                              {pd product} {ergonomic}
    uintx ReservedCodeCacheSize                    = 251658240                              {pd product} {ergonomic}
     bool SegmentedCodeCache                       = true                                      {product} {ergonomic}
   size_t SoftMaxHeapSize                          = 2090860544                             {manageable} {ergonomic}
     bool UseCompressedClassPointers               = true                           {product lp64_product} {ergonomic}
     bool UseCompressedOops                        = true                           {product lp64_product} {ergonomic}
     bool UseG1GC                                  = true                                      {product} {ergonomic}
     bool UseLargePagesIndividualAllocation        = false                                  {pd product} {ergonomic}

Logging:
Log output configuration:
 #0: stdout all=warning uptime,level,tags
 #1: stderr all=off uptime,level,tags

Environment Variables:
JAVA_HOME=C:\Program Files\Java\jdk-17
PATH=C:\php-8.4.10-nts-Win32-vs17-x64;C:\graalvm-jdk-24.0.2;C:\Python313\Scripts\;C:\Python313\;C:\Program Files\Microsoft MPI\Bin\;C:\Ruby34\bin;C:\Python312\Scripts\;C:\Python312\;C:\Program Files\Common Files\Oracle\Java\javapath;C:\Program Files (x86)\Common Files\Oracle\Java\java8path;C:\Program Files (x86)\Common Files\Oracle\Java\javapath;C:\WINDOWS\system32;C:\WINDOWS;C:\WINDOWS\System32\Wbem;C:\WINDOWS\System32\WindowsPowerShell\v1.0\;C:\WINDOWS\System32\OpenSSH\;C:\ProgramData\chocolatey\bin;C:\Program Files\dotnet\;C:\Program Files\nodejs\;C:\Program Files (x86)\sbt\bin;C:\php-8.4.10-nts-Win32-vs17-x64;C:\Program Files\MongoDB\Server\6.0\bin;C:\Program Files\OpenJDK\jdk-22.0.2\bin;C:\tools\dart-sdk\bin;C:\flutter\bin;C:\Program Files\Git\cmd;C:\Program Files\Go\bin;D:\ADP\adb platforms-tools 1.0.31\adb;C:\Program Files\Docker\Docker\resources\bin;C:\Program Files\WireGuard\;C:\Program Files\WireSock VPN Client\bin\;C:\ProgramData\mingw64\mingw64\bin;C:\Program Files\Microsoft SQL Server\170\Tools\Binn\;C:\Program Files\Microsoft SQL Server\Client SDK\ODBC\170\Tools\Binn\;C:\Program Files\Java\jdk-17\bin;C:\Program Files\MySQL\MySQL Shell 8.0\bin\;C:\Users\rayne\AppData\Local\Microsoft\WindowsApps;C:\Rayner\IntelliJ IDEA 2024.2.0.2\bin;C:\Rayner\Otros\Maven\bin;C:\Users\rayne\.dotnet\tools;C:\Program Files\JetBrains\JetBrains Gateway 2024.2.3\bin;C:\Users\rayne\AppData\Local\JetBrains\Toolbox\scripts;C:\Users\rayne\.lmstudio\bin;C:\Users\rayne\AppData\Roaming\npm;C:\Users\rayne\AppData\Local\Coursier\data\bin;C:\Users\rayne\AppData\Local\GitHubDesktop\bin;C:\Users\rayne\AppData\Local\Microsoft\WindowsApps;C:\php\php-8.4.10-src;C:\tools\dart-sdk\bin;C:\Users\rayne\AppData\Local\Pub\Cache\bin;C:\Users\rayne\go\bin;C:\graalvm-jdk-24.0.2\bin;C:\Users\rayne\AppData\Local\Programs\Microsoft VS Code\bin;C:\Users\rayne\AppData\Local\Programs\Antigravity\bin;C:\Users\rayne\AppData\Local\PowerToys\DSCModules\;C:\Users\rayne\.dotnet\tools
USERNAME=rayne
OS=Windows_NT
PROCESSOR_IDENTIFIER=Intel64 Family 6 Model 140 Stepping 1, GenuineIntel



---------------  S Y S T E M  ---------------

OS:
 Windows 11 , 64 bit Build 26100 (10.0.26100.7920)
OS uptime: 0 days 0:34 hours
Hyper-V role detected

CPU: total 4 (initial active 4) (2 cores per cpu, 2 threads per core) family 6 model 140 stepping 1 microcode 0xba, cx8, cmov, fxsr, ht, mmx, 3dnowpref, sse, sse2, sse3, ssse3, sse4.1, sse4.2, popcnt, lzcnt, tsc, tscinvbit, avx, avx2, aes, erms, clmul, bmi1, bmi2, adx, avx512f, avx512dq, avx512cd, avx512bw, avx512vl, sha, fma, vzeroupper, avx512_vpopcntdq, avx512_vpclmulqdq, avx512_vaes, avx512_vnni, clflush, clflushopt, clwb, avx512_vbmi2, avx512_vbmi, hv

Memory: 4k page, system-wide physical 7975M (519M free)
TotalPageFile size 17975M (AvailPageFile size 102M)
current process WorkingSet (physical memory assigned to process): 12M, peak: 12M
current process commit charge ("private bytes"): 52M, peak: 178M

vm_info: Java HotSpot(TM) 64-Bit Server VM (17.0.12+8-LTS-286) for windows-amd64 JRE (17.0.12+8-LTS-286), built on Jun  5 2024 06:46:59 by "mach5one" with MS VC++ 17.6 (VS2022)

END.
